This file contains any messages produced by compilers while
running configure, to aid debugging if configure makes a mistake.

It was created by FULL-PACKAGE-NAME configure VERSION, which was
generated by GNU Autoconf 2.65.  Invocation command line was

  $ ./configure --no-create --no-recursion

## --------- ##
## Platform. ##
## --------- ##

hostname = Ishmael.local
uname -m = i386
uname -r = 10.4.0
uname -s = Darwin
uname -v = Darwin Kernel Version 10.4.0: Fri Apr 23 18:28:53 PDT 2010; root:xnu-1504.7.4~1/RELEASE_I386

/usr/bin/uname -p = i386
/bin/uname -X     = unknown

/bin/arch              = unknown
/usr/bin/arch -k       = unknown
/usr/convex/getsysinfo = unknown
/usr/bin/hostinfo      = Mach kernel version:
	 Darwin Kernel Version 10.4.0: Fri Apr 23 18:28:53 PDT 2010; root:xnu-1504.7.4~1/RELEASE_I386
Kernel configured for up to 2 processors.
2 processors are physically available.
2 processors are logically available.
Processor type: i486 (Intel 80486)
Processors active: 0 1
Primary memory available: 4.00 gigabytes
Default processor set: 63 tasks, 286 threads, 2 processors
Load average: 0.49, Mach factor: 1.50
/bin/machine           = unknown
/usr/bin/oslevel       = unknown
/bin/universe          = unknown

PATH: /opt/local/bin
PATH: /opt/local/sbin
PATH: /usr/bin
PATH: /bin
PATH: /usr/sbin
PATH: /sbin
PATH: /usr/local/bin
PATH: /usr/local/git/bin
PATH: /usr/texbin
PATH: /usr/X11/bin
PATH: /Users/jbarrick/tmp/riboswitch/infernal-1.0.2/src
PATH: /Users/jbarrick/scripts/breseq/stage/bin
PATH: /Users/jbarrick/scripts/pretermination_avoidance
PATH: /Users/jbarrick/scripts/md
PATH: /Users/jbarrick/scripts/ngs
PATH: /Users/jbarrick/scripts/bacterial
PATH: /Users/jbarrick/scripts/avida/
PATH: /Users/jbarrick/scripts/riboswitch
PATH: /Users/jbarrick/scripts/general
PATH: /Users/jbarrick/scripts/riboswitch_methods
PATH: /Users/jbarrick/avida/development/build/Deployment-Universal
PATH: /Users/jbarrick/bin/blast/bin
PATH: /Users/jbarrick/bin/ralee/perl
PATH: /Users/jbarrick/bin/infernal-1.0/src
PATH: /Users/jbarrick/bin/rate4site
PATH: /Users/jbarrick/bin/infernal-1.0rc5/easel/miniapps
PATH: /Users/jbarrick/scripts/mi
PATH: /Users/jbarrick/scripts/csh_mixed_populations
PATH: /Users/jbarrick/scripts/ara-1-rates
PATH: /Users/jbarrick/scripts/mummer2sam
PATH: /Users/jbarrick/scripts/genotyping
PATH: /Users/jbarrick/scripts/mutation_comparison
PATH: /Users/jbarrick/scripts/grenoble
PATH: /Users/jbarrick/bin/maq-0.6.6
PATH: /Users/jbarrick/bin/samtools-0.1.7
PATH: /Users/jbarrick/bin/MUMmer3.20
PATH: /Users/jbarrick/bin/ssaha2_v2.5_mac
PATH: /Users/jbarrick/bin/mosaik-aligner/bin
PATH: /Users/jbarrick/bin/phylip-3.69/exe


## ----------- ##
## Core tests. ##
## ----------- ##

configure:2677: checking build system type
configure:2691: result: x86_64-apple-darwin10.4.0
configure:2711: checking host system type
configure:2724: result: x86_64-apple-darwin10.4.0
configure:2792: checking for gcc
configure:2808: found /usr/bin/gcc
configure:2819: result: gcc
configure:3048: checking for C compiler version
configure:3057: gcc --version >&5
i686-apple-darwin10-gcc-4.2.1 (GCC) 4.2.1 (Apple Inc. build 5664)
Copyright (C) 2007 Free Software Foundation, Inc.
This is free software; see the source for copying conditions.  There is NO
warranty; not even for MERCHANTABILITY or FITNESS FOR A PARTICULAR PURPOSE.

configure:3068: $? = 0
configure:3057: gcc -v >&5
Using built-in specs.
Target: i686-apple-darwin10
Configured with: /var/tmp/gcc/gcc-5664~105/src/configure --disable-checking --enable-werror --prefix=/usr --mandir=/share/man --enable-languages=c,objc,c++,obj-c++ --program-transform-name=/^[cg][^.-]*$/s/$/-4.2/ --with-slibdir=/usr/lib --build=i686-apple-darwin10 --program-prefix=i686-apple-darwin10- --host=x86_64-apple-darwin10 --target=i686-apple-darwin10 --with-gxx-include-dir=/include/c++/4.2.1
Thread model: posix
gcc version 4.2.1 (Apple Inc. build 5664)
configure:3068: $? = 0
configure:3057: gcc -V >&5
gcc-4.2: argument to `-V' is missing
configure:3068: $? = 1
configure:3057: gcc -qversion >&5
i686-apple-darwin10-gcc-4.2.1: no input files
configure:3068: $? = 1
configure:3088: checking whether the C compiler works
configure:3110: gcc    conftest.c  >&5
configure:3114: $? = 0
configure:3163: result: yes
configure:3166: checking for C compiler default output file name
configure:3168: result: a.out
configure:3174: checking for suffix of executables
configure:3181: gcc -o conftest    conftest.c  >&5
configure:3185: $? = 0
configure:3207: result: 
configure:3229: checking whether we are cross compiling
configure:3237: gcc -o conftest    conftest.c  >&5
configure:3241: $? = 0
configure:3248: ./conftest
configure:3252: $? = 0
configure:3267: result: no
configure:3272: checking for suffix of object files
configure:3294: gcc -c   conftest.c >&5
configure:3298: $? = 0
configure:3319: result: o
configure:3323: checking whether we are using the GNU C compiler
configure:3342: gcc -c   conftest.c >&5
configure:3342: $? = 0
configure:3351: result: yes
configure:3360: checking whether gcc accepts -g
configure:3380: gcc -c -g  conftest.c >&5
configure:3380: $? = 0
configure:3421: result: yes
configure:3438: checking for gcc option to accept ISO C89
configure:3502: gcc  -c -g -O2  conftest.c >&5
configure:3502: $? = 0
configure:3515: result: none needed
configure:3535: checking for a sed that does not truncate output
configure:3599: result: /usr/bin/sed
configure:3617: checking for grep that handles long lines and -e
configure:3675: result: /usr/bin/grep
configure:3680: checking for egrep
configure:3742: result: /usr/bin/grep -E
configure:3747: checking for fgrep
configure:3809: result: /usr/bin/grep -F
configure:3844: checking for ld used by gcc
configure:3911: result: /usr/libexec/gcc/i686-apple-darwin10/4.2.1/ld
configure:3918: checking if the linker (/usr/libexec/gcc/i686-apple-darwin10/4.2.1/ld) is GNU ld
configure:3933: result: no
configure:3945: checking for BSD- or MS-compatible name lister (nm)
configure:3994: result: /usr/bin/nm
configure:4112: checking the name lister (/usr/bin/nm) interface
configure:4119: gcc -c -g -O2  conftest.c >&5
configure:4122: /usr/bin/nm "conftest.o"
configure:4125: output
000000000000017c D _some_variable
configure:4132: result: BSD nm
configure:4135: checking whether ln -s works
configure:4139: result: yes
configure:4147: checking the maximum length of command line arguments
configure:4267: result: 196608
configure:4284: checking whether the shell understands some XSI constructs
configure:4294: result: yes
configure:4298: checking whether the shell understands "+="
configure:4304: result: yes
configure:4339: checking for /usr/libexec/gcc/i686-apple-darwin10/4.2.1/ld option to reload object files
configure:4346: result: -r
configure:4415: checking for objdump
configure:4445: result: no
configure:4474: checking how to recognize dependent libraries
configure:4670: result: pass_all
configure:4730: checking for ar
configure:4746: found /usr/bin/ar
configure:4757: result: ar
configure:4835: checking for strip
configure:4851: found /usr/bin/strip
configure:4862: result: strip
configure:4934: checking for ranlib
configure:4950: found /usr/bin/ranlib
configure:4961: result: ranlib
configure:5051: checking command to parse /usr/bin/nm output from gcc object
configure:5169: gcc -c -g -O2  conftest.c >&5
configure:5172: $? = 0
configure:5176: /usr/bin/nm conftest.o \| sed -n -e 's/^.*[	 ]\([BCDEGRST][BCDEGRST]*\)[	 ][	 ]*\([_A-Za-z][_A-Za-z0-9]*\)$/\1 \2 \2/p' \> conftest.nm
configure:5179: $? = 0
cannot find nm_test_var in conftest.nm
configure:5169: gcc -c -g -O2  conftest.c >&5
configure:5172: $? = 0
configure:5176: /usr/bin/nm conftest.o \| sed -n -e 's/^.*[	 ]\([BCDEGRST][BCDEGRST]*\)[	 ][	 ]*_\([_A-Za-z][_A-Za-z0-9]*\)$/\1 _\2 \2/p' \> conftest.nm
configure:5179: $? = 0
configure:5233: gcc -o conftest -g -O2   conftest.c conftstm.o >&5
configure:5236: $? = 0
configure:5274: result: ok
configure:5539: checking for dsymutil
configure:5555: found /usr/bin/dsymutil
configure:5566: result: dsymutil
configure:5631: checking for nmedit
configure:5647: found /usr/bin/nmedit
configure:5658: result: nmedit
configure:5723: checking for lipo
configure:5739: found /usr/bin/lipo
configure:5750: result: lipo
configure:5815: checking for otool
configure:5831: found /usr/bin/otool
configure:5842: result: otool
configure:5907: checking for otool64
configure:5937: result: no
configure:5982: checking for -single_module linker flag
gcc -g -O2  -o libconftest.dylib -dynamiclib -Wl,-single_module conftest.c
configure:6009: result: yes
configure:6011: checking for -exported_symbols_list linker flag
configure:6031: gcc -o conftest -g -O2   -Wl,-exported_symbols_list,conftest.sym conftest.c  >&5
configure:6031: $? = 0
configure:6041: result: yes
configure:6083: checking how to run the C preprocessor
configure:6114: gcc -E  conftest.c
configure:6114: $? = 0
configure:6128: gcc -E  conftest.c
conftest.c:9:28: error: ac_nonexistent.h: No such file or directory
configure:6128: $? = 1
configure: failed program was:
| /* confdefs.h */
| #define PACKAGE_NAME "FULL-PACKAGE-NAME"
| #define PACKAGE_TARNAME "full-package-name"
| #define PACKAGE_VERSION "VERSION"
| #define PACKAGE_STRING "FULL-PACKAGE-NAME VERSION"
| #define PACKAGE_BUGREPORT "BUG-REPORT-ADDRESS"
| #define PACKAGE_URL ""
| /* end confdefs.h.  */
| #include <ac_nonexistent.h>
configure:6153: result: gcc -E
configure:6173: gcc -E  conftest.c
configure:6173: $? = 0
configure:6187: gcc -E  conftest.c
conftest.c:9:28: error: ac_nonexistent.h: No such file or directory
configure:6187: $? = 1
configure: failed program was:
| /* confdefs.h */
| #define PACKAGE_NAME "FULL-PACKAGE-NAME"
| #define PACKAGE_TARNAME "full-package-name"
| #define PACKAGE_VERSION "VERSION"
| #define PACKAGE_STRING "FULL-PACKAGE-NAME VERSION"
| #define PACKAGE_BUGREPORT "BUG-REPORT-ADDRESS"
| #define PACKAGE_URL ""
| /* end confdefs.h.  */
| #include <ac_nonexistent.h>
configure:6216: checking for ANSI C header files
configure:6236: gcc -c -g -O2  conftest.c >&5
configure:6236: $? = 0
configure:6309: gcc -o conftest -g -O2   conftest.c  >&5
configure:6309: $? = 0
configure:6309: ./conftest
configure:6309: $? = 0
configure:6320: result: yes
configure:6333: checking for sys/types.h
configure:6333: gcc -c -g -O2  conftest.c >&5
configure:6333: $? = 0
configure:6333: result: yes
configure:6333: checking for sys/stat.h
configure:6333: gcc -c -g -O2  conftest.c >&5
configure:6333: $? = 0
configure:6333: result: yes
configure:6333: checking for stdlib.h
configure:6333: gcc -c -g -O2  conftest.c >&5
configure:6333: $? = 0
configure:6333: result: yes
configure:6333: checking for string.h
configure:6333: gcc -c -g -O2  conftest.c >&5
configure:6333: $? = 0
configure:6333: result: yes
configure:6333: checking for memory.h
configure:6333: gcc -c -g -O2  conftest.c >&5
configure:6333: $? = 0
configure:6333: result: yes
configure:6333: checking for strings.h
configure:6333: gcc -c -g -O2  conftest.c >&5
configure:6333: $? = 0
configure:6333: result: yes
configure:6333: checking for inttypes.h
configure:6333: gcc -c -g -O2  conftest.c >&5
configure:6333: $? = 0
configure:6333: result: yes
configure:6333: checking for stdint.h
configure:6333: gcc -c -g -O2  conftest.c >&5
configure:6333: $? = 0
configure:6333: result: yes
configure:6333: checking for unistd.h
configure:6333: gcc -c -g -O2  conftest.c >&5
configure:6333: $? = 0
configure:6333: result: yes
configure:6348: checking for dlfcn.h
configure:6348: gcc -c -g -O2  conftest.c >&5
configure:6348: $? = 0
configure:6348: result: yes
configure:6532: checking for objdir
configure:6547: result: .libs
configure:6843: checking if gcc supports -fno-rtti -fno-exceptions
configure:6861: gcc -c -g -O2  -fno-rtti -fno-exceptions conftest.c >&5
cc1: warning: command line option "-fno-rtti" is valid for C++/ObjC++ but not for C
configure:6865: $? = 0
configure:6878: result: no
configure:6898: checking for gcc option to produce PIC
configure:7170: result: -fno-common -DPIC
configure:7182: checking if gcc PIC flag -fno-common -DPIC works
configure:7200: gcc -c -g -O2  -fno-common -DPIC -DPIC conftest.c >&5
configure:7204: $? = 0
configure:7217: result: yes
configure:7241: checking if gcc static flag -static works
configure:7269: result: no
configure:7284: checking if gcc supports -c -o file.o
configure:7305: gcc -c -g -O2  -o out/conftest2.o conftest.c >&5
configure:7309: $? = 0
configure:7331: result: yes
configure:7339: checking if gcc supports -c -o file.o
configure:7386: result: yes
configure:7419: checking whether the gcc linker (/usr/libexec/gcc/i686-apple-darwin10/4.2.1/ld) supports shared libraries
configure:8405: result: yes
configure:8644: checking dynamic linker characteristics
configure:9295: result: darwin10.4.0 dyld
configure:9397: checking how to hardcode library paths into programs
configure:9422: result: immediate
configure:9942: checking whether stripping libraries is possible
configure:9956: result: yes
configure:9982: checking if libtool supports shared libraries
configure:9984: result: yes
configure:9987: checking whether to build shared libraries
configure:10008: result: yes
configure:10011: checking whether to build static libraries
configure:10015: result: yes
configure:10066: checking for a BSD-compatible install
configure:10134: result: /usr/bin/install -c
configure:10145: checking whether build environment is sane
configure:10195: result: yes
configure:10336: checking for a thread-safe mkdir -p
configure:10375: result: aux_build/install-sh -c -d
configure:10388: checking for gawk
configure:10418: result: no
configure:10388: checking for mawk
configure:10418: result: no
configure:10388: checking for nawk
configure:10418: result: no
configure:10388: checking for awk
configure:10404: found /usr/bin/awk
configure:10415: result: awk
configure:10426: checking whether make sets $(MAKE)
configure:10448: result: yes
configure:10478: checking for style of include used by make
configure:10506: result: GNU
configure:10591: checking dependency style of gcc
configure:10701: result: gcc3
configure:10729: checking for gawk
configure:10756: result: awk
configure:10825: checking for g++
configure:10841: found /usr/bin/g++
configure:10852: result: g++
configure:10879: checking for C++ compiler version
configure:10888: g++ --version >&5
i686-apple-darwin10-g++-4.2.1 (GCC) 4.2.1 (Apple Inc. build 5664)
Copyright (C) 2007 Free Software Foundation, Inc.
This is free software; see the source for copying conditions.  There is NO
warranty; not even for MERCHANTABILITY or FITNESS FOR A PARTICULAR PURPOSE.

configure:10899: $? = 0
configure:10888: g++ -v >&5
Using built-in specs.
Target: i686-apple-darwin10
Configured with: /var/tmp/gcc/gcc-5664~105/src/configure --disable-checking --enable-werror --prefix=/usr --mandir=/share/man --enable-languages=c,objc,c++,obj-c++ --program-transform-name=/^[cg][^.-]*$/s/$/-4.2/ --with-slibdir=/usr/lib --build=i686-apple-darwin10 --program-prefix=i686-apple-darwin10- --host=x86_64-apple-darwin10 --target=i686-apple-darwin10 --with-gxx-include-dir=/include/c++/4.2.1
Thread model: posix
gcc version 4.2.1 (Apple Inc. build 5664)
configure:10899: $? = 0
configure:10888: g++ -V >&5
g++-4.2: argument to `-V' is missing
configure:10899: $? = 1
configure:10888: g++ -qversion >&5
i686-apple-darwin10-g++-4.2.1: no input files
configure:10899: $? = 1
configure:10903: checking whether we are using the GNU C++ compiler
configure:10922: g++ -c   conftest.cpp >&5
configure:10922: $? = 0
configure:10931: result: yes
configure:10940: checking whether g++ accepts -g
configure:10960: g++ -c -g  conftest.cpp >&5
configure:10960: $? = 0
configure:11001: result: yes
configure:11137: checking for C++ compiler version
configure:11146: g++ --version >&5
i686-apple-darwin10-g++-4.2.1 (GCC) 4.2.1 (Apple Inc. build 5664)
Copyright (C) 2007 Free Software Foundation, Inc.
This is free software; see the source for copying conditions.  There is NO
warranty; not even for MERCHANTABILITY or FITNESS FOR A PARTICULAR PURPOSE.

configure:11157: $? = 0
configure:11146: g++ -v >&5
Using built-in specs.
Target: i686-apple-darwin10
Configured with: /var/tmp/gcc/gcc-5664~105/src/configure --disable-checking --enable-werror --prefix=/usr --mandir=/share/man --enable-languages=c,objc,c++,obj-c++ --program-transform-name=/^[cg][^.-]*$/s/$/-4.2/ --with-slibdir=/usr/lib --build=i686-apple-darwin10 --program-prefix=i686-apple-darwin10- --host=x86_64-apple-darwin10 --target=i686-apple-darwin10 --with-gxx-include-dir=/include/c++/4.2.1
Thread model: posix
gcc version 4.2.1 (Apple Inc. build 5664)
configure:11157: $? = 0
configure:11146: g++ -V >&5
g++-4.2: argument to `-V' is missing
configure:11157: $? = 1
configure:11146: g++ -qversion >&5
i686-apple-darwin10-g++-4.2.1: no input files
configure:11157: $? = 1
configure:11161: checking whether we are using the GNU C++ compiler
configure:11189: result: yes
configure:11198: checking whether g++ accepts -g
configure:11259: result: yes
configure:11284: checking dependency style of g++
configure:11394: result: gcc3
configure:11417: checking how to run the C++ preprocessor
configure:11444: g++ -E  conftest.cpp
configure:11444: $? = 0
configure:11458: g++ -E  conftest.cpp
conftest.cpp:23:28: error: ac_nonexistent.h: No such file or directory
configure:11458: $? = 1
configure: failed program was:
| /* confdefs.h */
| #define PACKAGE_NAME "FULL-PACKAGE-NAME"
| #define PACKAGE_TARNAME "full-package-name"
| #define PACKAGE_VERSION "VERSION"
| #define PACKAGE_STRING "FULL-PACKAGE-NAME VERSION"
| #define PACKAGE_BUGREPORT "BUG-REPORT-ADDRESS"
| #define PACKAGE_URL ""
| #define STDC_HEADERS 1
| #define HAVE_SYS_TYPES_H 1
| #define HAVE_SYS_STAT_H 1
| #define HAVE_STDLIB_H 1
| #define HAVE_STRING_H 1
| #define HAVE_MEMORY_H 1
| #define HAVE_STRINGS_H 1
| #define HAVE_INTTYPES_H 1
| #define HAVE_STDINT_H 1
| #define HAVE_UNISTD_H 1
| #define HAVE_DLFCN_H 1
| #define LT_OBJDIR ".libs/"
| #define PACKAGE "full-package-name"
| #define VERSION "VERSION"
| /* end confdefs.h.  */
| #include <ac_nonexistent.h>
configure:11483: result: g++ -E
configure:11503: g++ -E  conftest.cpp
configure:11503: $? = 0
configure:11517: g++ -E  conftest.cpp
conftest.cpp:23:28: error: ac_nonexistent.h: No such file or directory
configure:11517: $? = 1
configure: failed program was:
| /* confdefs.h */
| #define PACKAGE_NAME "FULL-PACKAGE-NAME"
| #define PACKAGE_TARNAME "full-package-name"
| #define PACKAGE_VERSION "VERSION"
| #define PACKAGE_STRING "FULL-PACKAGE-NAME VERSION"
| #define PACKAGE_BUGREPORT "BUG-REPORT-ADDRESS"
| #define PACKAGE_URL ""
| #define STDC_HEADERS 1
| #define HAVE_SYS_TYPES_H 1
| #define HAVE_SYS_STAT_H 1
| #define HAVE_STDLIB_H 1
| #define HAVE_STRING_H 1
| #define HAVE_MEMORY_H 1
| #define HAVE_STRINGS_H 1
| #define HAVE_INTTYPES_H 1
| #define HAVE_STDINT_H 1
| #define HAVE_UNISTD_H 1
| #define HAVE_DLFCN_H 1
| #define LT_OBJDIR ".libs/"
| #define PACKAGE "full-package-name"
| #define VERSION "VERSION"
| /* end confdefs.h.  */
| #include <ac_nonexistent.h>
configure:11685: checking for ld used by g++
configure:11752: result: /usr/libexec/gcc/i686-apple-darwin10/4.2.1/ld
configure:11759: checking if the linker (/usr/libexec/gcc/i686-apple-darwin10/4.2.1/ld) is GNU ld
configure:11774: result: no
configure:11829: checking whether the g++ linker (/usr/libexec/gcc/i686-apple-darwin10/4.2.1/ld) supports shared libraries
configure:12742: result: yes
configure:12770: g++ -c -g -O2  conftest.cpp >&5
configure:12773: $? = 0
configure:12955: checking for g++ option to produce PIC
configure:13272: result: -fno-common -DPIC
configure:13281: checking if g++ PIC flag -fno-common -DPIC works
configure:13299: g++ -c -g -O2  -fno-common -DPIC -DPIC conftest.cpp >&5
configure:13303: $? = 0
configure:13316: result: yes
configure:13337: checking if g++ static flag -static works
configure:13365: result: no
configure:13377: checking if g++ supports -c -o file.o
configure:13398: g++ -c -g -O2  -o out/conftest2.o conftest.cpp >&5
configure:13402: $? = 0
configure:13424: result: yes
configure:13429: checking if g++ supports -c -o file.o
configure:13476: result: yes
configure:13506: checking whether the g++ linker (/usr/libexec/gcc/i686-apple-darwin10/4.2.1/ld) supports shared libraries
configure:13532: result: yes
configure:13669: checking dynamic linker characteristics
configure:14268: result: darwin10.4.0 dyld
configure:14319: checking how to hardcode library paths into programs
configure:14344: result: immediate
configure:14385: checking dependency style of g++
configure:14495: result: gcc3
configure:14511: checking whether gcc and cc understand -c and -o together
configure:14542: gcc -c conftest.c -o conftest2.o >&5
configure:14546: $? = 0
configure:14552: gcc -c conftest.c -o conftest2.o >&5
configure:14556: $? = 0
configure:14567: cc -c conftest.c >&5
configure:14571: $? = 0
configure:14579: cc -c conftest.c -o conftest2.o >&5
configure:14583: $? = 0
configure:14589: cc -c conftest.c -o conftest2.o >&5
configure:14593: $? = 0
configure:14611: result: yes
configure:14636: checking whether make sets $(MAKE)
configure:14658: result: yes
configure:14672: checking for main in -lcurses
configure:14691: gcc -o conftest -g -O2   conftest.c -lcurses   >&5
configure:14691: $? = 0
configure:14700: result: yes
configure:14712: checking for main in -lm
configure:14731: gcc -o conftest -g -O2   conftest.c -lm  -lcurses  >&5
configure:14731: $? = 0
configure:14740: result: yes
configure:14752: checking for main in -lz
configure:14771: gcc -o conftest -g -O2   conftest.c -lz  -lm -lcurses  >&5
configure:14771: $? = 0
configure:14780: result: yes
configure:14792: checking for main in -lboost_program_options
configure:14811: gcc -o conftest -g -O2   conftest.c -lboost_program_options  -lz -lm -lcurses  >&5
configure:14811: $? = 0
configure:14820: result: yes
configure:14831: checking for main in -lboost_serialization
configure:14850: gcc -o conftest -g -O2   conftest.c -lboost_serialization  -lboost_program_options -lz -lm -lcurses  >&5
configure:14850: $? = 0
configure:14859: result: yes
configure:14875: checking arpa/inet.h usability
configure:14875: gcc -c -g -O2  conftest.c >&5
configure:14875: $? = 0
configure:14875: result: yes
configure:14875: checking arpa/inet.h presence
configure:14875: gcc -E  conftest.c
configure:14875: $? = 0
configure:14875: result: yes
configure:14875: checking for arpa/inet.h
configure:14875: result: yes
configure:14875: checking fcntl.h usability
configure:14875: gcc -c -g -O2  conftest.c >&5
configure:14875: $? = 0
configure:14875: result: yes
configure:14875: checking fcntl.h presence
configure:14875: gcc -E  conftest.c
configure:14875: $? = 0
configure:14875: result: yes
configure:14875: checking for fcntl.h
configure:14875: result: yes
configure:14875: checking for inttypes.h
configure:14875: result: yes
configure:14875: checking netdb.h usability
configure:14875: gcc -c -g -O2  conftest.c >&5
configure:14875: $? = 0
configure:14875: result: yes
configure:14875: checking netdb.h presence
configure:14875: gcc -E  conftest.c
configure:14875: $? = 0
configure:14875: result: yes
configure:14875: checking for netdb.h
configure:14875: result: yes
configure:14875: checking stddef.h usability
configure:14875: gcc -c -g -O2  conftest.c >&5
configure:14875: $? = 0
configure:14875: result: yes
configure:14875: checking stddef.h presence
configure:14875: gcc -E  conftest.c
configure:14875: $? = 0
configure:14875: result: yes
configure:14875: checking for stddef.h
configure:14875: result: yes
configure:14875: checking for stdint.h
configure:14875: result: yes
configure:14875: checking for stdlib.h
configure:14875: result: yes
configure:14875: checking for string.h
configure:14875: result: yes
configure:14875: checking sys/socket.h usability
configure:14875: gcc -c -g -O2  conftest.c >&5
configure:14875: $? = 0
configure:14875: result: yes
configure:14875: checking sys/socket.h presence
configure:14875: gcc -E  conftest.c
configure:14875: $? = 0
configure:14875: result: yes
configure:14875: checking for sys/socket.h
configure:14875: result: yes
configure:14875: checking for unistd.h
configure:14875: result: yes
configure:14875: checking wchar.h usability
configure:14875: gcc -c -g -O2  conftest.c >&5
configure:14875: $? = 0
configure:14875: result: yes
configure:14875: checking wchar.h presence
configure:14875: gcc -E  conftest.c
configure:14875: $? = 0
configure:14875: result: yes
configure:14875: checking for wchar.h
configure:14875: result: yes
configure:14888: checking for stdbool.h that conforms to C99
configure:14973: gcc -c -g -O2  conftest.c >&5
configure:14973: $? = 0
configure:14980: result: yes
configure:14982: checking for _Bool
configure:14982: gcc -c -g -O2  conftest.c >&5
configure:14982: $? = 0
configure:14982: gcc -c -g -O2  conftest.c >&5
conftest.c: In function 'main':
conftest.c:75: error: expected expression before ')' token
configure:14982: $? = 1
configure: failed program was:
| /* confdefs.h */
| #define PACKAGE_NAME "FULL-PACKAGE-NAME"
| #define PACKAGE_TARNAME "full-package-name"
| #define PACKAGE_VERSION "VERSION"
| #define PACKAGE_STRING "FULL-PACKAGE-NAME VERSION"
| #define PACKAGE_BUGREPORT "BUG-REPORT-ADDRESS"
| #define PACKAGE_URL ""
| #define STDC_HEADERS 1
| #define HAVE_SYS_TYPES_H 1
| #define HAVE_SYS_STAT_H 1
| #define HAVE_STDLIB_H 1
| #define HAVE_STRING_H 1
| #define HAVE_MEMORY_H 1
| #define HAVE_STRINGS_H 1
| #define HAVE_INTTYPES_H 1
| #define HAVE_STDINT_H 1
| #define HAVE_UNISTD_H 1
| #define HAVE_DLFCN_H 1
| #define LT_OBJDIR ".libs/"
| #define PACKAGE "full-package-name"
| #define VERSION "VERSION"
| #define HAVE_LIBCURSES 1
| #define HAVE_LIBM 1
| #define HAVE_LIBZ 1
| #define HAVE_LIBBOOST_PROGRAM_OPTIONS 1
| #define HAVE_LIBBOOST_SERIALIZATION 1
| #define HAVE_ARPA_INET_H 1
| #define HAVE_FCNTL_H 1
| #define HAVE_INTTYPES_H 1
| #define HAVE_NETDB_H 1
| #define HAVE_STDDEF_H 1
| #define HAVE_STDINT_H 1
| #define HAVE_STDLIB_H 1
| #define HAVE_STRING_H 1
| #define HAVE_SYS_SOCKET_H 1
| #define HAVE_UNISTD_H 1
| #define HAVE_WCHAR_H 1
| /* end confdefs.h.  */
| #include <stdio.h>
| #ifdef HAVE_SYS_TYPES_H
| # include <sys/types.h>
| #endif
| #ifdef HAVE_SYS_STAT_H
| # include <sys/stat.h>
| #endif
| #ifdef STDC_HEADERS
| # include <stdlib.h>
| # include <stddef.h>
| #else
| # ifdef HAVE_STDLIB_H
| #  include <stdlib.h>
| # endif
| #endif
| #ifdef HAVE_STRING_H
| # if !defined STDC_HEADERS && defined HAVE_MEMORY_H
| #  include <memory.h>
| # endif
| # include <string.h>
| #endif
| #ifdef HAVE_STRINGS_H
| # include <strings.h>
| #endif
| #ifdef HAVE_INTTYPES_H
| # include <inttypes.h>
| #endif
| #ifdef HAVE_STDINT_H
| # include <stdint.h>
| #endif
| #ifdef HAVE_UNISTD_H
| # include <unistd.h>
| #endif
| int
| main ()
| {
| if (sizeof ((_Bool)))
| 	    return 0;
|   ;
|   return 0;
| }
configure:14982: result: yes
configure:14998: checking for inline
configure:15014: gcc -c -g -O2  conftest.c >&5
configure:15014: $? = 0
configure:15022: result: inline
configure:15040: checking for int16_t
configure:15040: gcc -c -g -O2  conftest.c >&5
configure:15040: $? = 0
configure:15040: gcc -c -g -O2  conftest.c >&5
conftest.c: In function 'main':
conftest.c:79: error: size of array 'test_array' is negative
configure:15040: $? = 1
configure: failed program was:
| /* confdefs.h */
| #define PACKAGE_NAME "FULL-PACKAGE-NAME"
| #define PACKAGE_TARNAME "full-package-name"
| #define PACKAGE_VERSION "VERSION"
| #define PACKAGE_STRING "FULL-PACKAGE-NAME VERSION"
| #define PACKAGE_BUGREPORT "BUG-REPORT-ADDRESS"
| #define PACKAGE_URL ""
| #define STDC_HEADERS 1
| #define HAVE_SYS_TYPES_H 1
| #define HAVE_SYS_STAT_H 1
| #define HAVE_STDLIB_H 1
| #define HAVE_STRING_H 1
| #define HAVE_MEMORY_H 1
| #define HAVE_STRINGS_H 1
| #define HAVE_INTTYPES_H 1
| #define HAVE_STDINT_H 1
| #define HAVE_UNISTD_H 1
| #define HAVE_DLFCN_H 1
| #define LT_OBJDIR ".libs/"
| #define PACKAGE "full-package-name"
| #define VERSION "VERSION"
| #define HAVE_LIBCURSES 1
| #define HAVE_LIBM 1
| #define HAVE_LIBZ 1
| #define HAVE_LIBBOOST_PROGRAM_OPTIONS 1
| #define HAVE_LIBBOOST_SERIALIZATION 1
| #define HAVE_ARPA_INET_H 1
| #define HAVE_FCNTL_H 1
| #define HAVE_INTTYPES_H 1
| #define HAVE_NETDB_H 1
| #define HAVE_STDDEF_H 1
| #define HAVE_STDINT_H 1
| #define HAVE_STDLIB_H 1
| #define HAVE_STRING_H 1
| #define HAVE_SYS_SOCKET_H 1
| #define HAVE_UNISTD_H 1
| #define HAVE_WCHAR_H 1
| #define HAVE__BOOL 1
| #define HAVE_STDBOOL_H 1
| /* end confdefs.h.  */
| #include <stdio.h>
| #ifdef HAVE_SYS_TYPES_H
| # include <sys/types.h>
| #endif
| #ifdef HAVE_SYS_STAT_H
| # include <sys/stat.h>
| #endif
| #ifdef STDC_HEADERS
| # include <stdlib.h>
| # include <stddef.h>
| #else
| # ifdef HAVE_STDLIB_H
| #  include <stdlib.h>
| # endif
| #endif
| #ifdef HAVE_STRING_H
| # if !defined STDC_HEADERS && defined HAVE_MEMORY_H
| #  include <memory.h>
| # endif
| # include <string.h>
| #endif
| #ifdef HAVE_STRINGS_H
| # include <strings.h>
| #endif
| #ifdef HAVE_INTTYPES_H
| # include <inttypes.h>
| #endif
| #ifdef HAVE_STDINT_H
| # include <stdint.h>
| #endif
| #ifdef HAVE_UNISTD_H
| # include <unistd.h>
| #endif
| 	        enum { N = 16 / 2 - 1 };
| int
| main ()
| {
| static int test_array [1 - 2 * !((int16_t) (((((int16_t) 1 << N) << N) - 1) * 2 + 1)
| 		 < (int16_t) (((((int16_t) 1 << N) << N) - 1) * 2 + 2))];
| test_array [0] = 0
| 
|   ;
|   return 0;
| }
configure:15040: result: yes
configure:15051: checking for int32_t
configure:15051: gcc -c -g -O2  conftest.c >&5
configure:15051: $? = 0
configure:15051: gcc -c -g -O2  conftest.c >&5
conftest.c: In function 'main':
conftest.c:79: warning: integer overflow in expression
conftest.c:79: error: size of array 'test_array' is negative
configure:15051: $? = 1
configure: failed program was:
| /* confdefs.h */
| #define PACKAGE_NAME "FULL-PACKAGE-NAME"
| #define PACKAGE_TARNAME "full-package-name"
| #define PACKAGE_VERSION "VERSION"
| #define PACKAGE_STRING "FULL-PACKAGE-NAME VERSION"
| #define PACKAGE_BUGREPORT "BUG-REPORT-ADDRESS"
| #define PACKAGE_URL ""
| #define STDC_HEADERS 1
| #define HAVE_SYS_TYPES_H 1
| #define HAVE_SYS_STAT_H 1
| #define HAVE_STDLIB_H 1
| #define HAVE_STRING_H 1
| #define HAVE_MEMORY_H 1
| #define HAVE_STRINGS_H 1
| #define HAVE_INTTYPES_H 1
| #define HAVE_STDINT_H 1
| #define HAVE_UNISTD_H 1
| #define HAVE_DLFCN_H 1
| #define LT_OBJDIR ".libs/"
| #define PACKAGE "full-package-name"
| #define VERSION "VERSION"
| #define HAVE_LIBCURSES 1
| #define HAVE_LIBM 1
| #define HAVE_LIBZ 1
| #define HAVE_LIBBOOST_PROGRAM_OPTIONS 1
| #define HAVE_LIBBOOST_SERIALIZATION 1
| #define HAVE_ARPA_INET_H 1
| #define HAVE_FCNTL_H 1
| #define HAVE_INTTYPES_H 1
| #define HAVE_NETDB_H 1
| #define HAVE_STDDEF_H 1
| #define HAVE_STDINT_H 1
| #define HAVE_STDLIB_H 1
| #define HAVE_STRING_H 1
| #define HAVE_SYS_SOCKET_H 1
| #define HAVE_UNISTD_H 1
| #define HAVE_WCHAR_H 1
| #define HAVE__BOOL 1
| #define HAVE_STDBOOL_H 1
| /* end confdefs.h.  */
| #include <stdio.h>
| #ifdef HAVE_SYS_TYPES_H
| # include <sys/types.h>
| #endif
| #ifdef HAVE_SYS_STAT_H
| # include <sys/stat.h>
| #endif
| #ifdef STDC_HEADERS
| # include <stdlib.h>
| # include <stddef.h>
| #else
| # ifdef HAVE_STDLIB_H
| #  include <stdlib.h>
| # endif
| #endif
| #ifdef HAVE_STRING_H
| # if !defined STDC_HEADERS && defined HAVE_MEMORY_H
| #  include <memory.h>
| # endif
| # include <string.h>
| #endif
| #ifdef HAVE_STRINGS_H
| # include <strings.h>
| #endif
| #ifdef HAVE_INTTYPES_H
| # include <inttypes.h>
| #endif
| #ifdef HAVE_STDINT_H
| # include <stdint.h>
| #endif
| #ifdef HAVE_UNISTD_H
| # include <unistd.h>
| #endif
| 	        enum { N = 32 / 2 - 1 };
| int
| main ()
| {
| static int test_array [1 - 2 * !((int32_t) (((((int32_t) 1 << N) << N) - 1) * 2 + 1)
| 		 < (int32_t) (((((int32_t) 1 << N) << N) - 1) * 2 + 2))];
| test_array [0] = 0
| 
|   ;
|   return 0;
| }
configure:15051: result: yes
configure:15062: checking for int64_t
configure:15062: gcc -c -g -O2  conftest.c >&5
configure:15062: $? = 0
configure:15062: gcc -c -g -O2  conftest.c >&5
conftest.c: In function 'main':
conftest.c:79: warning: integer overflow in expression
conftest.c:79: error: size of array 'test_array' is negative
configure:15062: $? = 1
configure: failed program was:
| /* confdefs.h */
| #define PACKAGE_NAME "FULL-PACKAGE-NAME"
| #define PACKAGE_TARNAME "full-package-name"
| #define PACKAGE_VERSION "VERSION"
| #define PACKAGE_STRING "FULL-PACKAGE-NAME VERSION"
| #define PACKAGE_BUGREPORT "BUG-REPORT-ADDRESS"
| #define PACKAGE_URL ""
| #define STDC_HEADERS 1
| #define HAVE_SYS_TYPES_H 1
| #define HAVE_SYS_STAT_H 1
| #define HAVE_STDLIB_H 1
| #define HAVE_STRING_H 1
| #define HAVE_MEMORY_H 1
| #define HAVE_STRINGS_H 1
| #define HAVE_INTTYPES_H 1
| #define HAVE_STDINT_H 1
| #define HAVE_UNISTD_H 1
| #define HAVE_DLFCN_H 1
| #define LT_OBJDIR ".libs/"
| #define PACKAGE "full-package-name"
| #define VERSION "VERSION"
| #define HAVE_LIBCURSES 1
| #define HAVE_LIBM 1
| #define HAVE_LIBZ 1
| #define HAVE_LIBBOOST_PROGRAM_OPTIONS 1
| #define HAVE_LIBBOOST_SERIALIZATION 1
| #define HAVE_ARPA_INET_H 1
| #define HAVE_FCNTL_H 1
| #define HAVE_INTTYPES_H 1
| #define HAVE_NETDB_H 1
| #define HAVE_STDDEF_H 1
| #define HAVE_STDINT_H 1
| #define HAVE_STDLIB_H 1
| #define HAVE_STRING_H 1
| #define HAVE_SYS_SOCKET_H 1
| #define HAVE_UNISTD_H 1
| #define HAVE_WCHAR_H 1
| #define HAVE__BOOL 1
| #define HAVE_STDBOOL_H 1
| /* end confdefs.h.  */
| #include <stdio.h>
| #ifdef HAVE_SYS_TYPES_H
| # include <sys/types.h>
| #endif
| #ifdef HAVE_SYS_STAT_H
| # include <sys/stat.h>
| #endif
| #ifdef STDC_HEADERS
| # include <stdlib.h>
| # include <stddef.h>
| #else
| # ifdef HAVE_STDLIB_H
| #  include <stdlib.h>
| # endif
| #endif
| #ifdef HAVE_STRING_H
| # if !defined STDC_HEADERS && defined HAVE_MEMORY_H
| #  include <memory.h>
| # endif
| # include <string.h>
| #endif
| #ifdef HAVE_STRINGS_H
| # include <strings.h>
| #endif
| #ifdef HAVE_INTTYPES_H
| # include <inttypes.h>
| #endif
| #ifdef HAVE_STDINT_H
| # include <stdint.h>
| #endif
| #ifdef HAVE_UNISTD_H
| # include <unistd.h>
| #endif
| 	        enum { N = 64 / 2 - 1 };
| int
| main ()
| {
| static int test_array [1 - 2 * !((int64_t) (((((int64_t) 1 << N) << N) - 1) * 2 + 1)
| 		 < (int64_t) (((((int64_t) 1 << N) << N) - 1) * 2 + 2))];
| test_array [0] = 0
| 
|   ;
|   return 0;
| }
configure:15062: result: yes
configure:15073: checking for int8_t
configure:15073: gcc -c -g -O2  conftest.c >&5
configure:15073: $? = 0
configure:15073: gcc -c -g -O2  conftest.c >&5
conftest.c: In function 'main':
conftest.c:79: error: size of array 'test_array' is negative
configure:15073: $? = 1
configure: failed program was:
| /* confdefs.h */
| #define PACKAGE_NAME "FULL-PACKAGE-NAME"
| #define PACKAGE_TARNAME "full-package-name"
| #define PACKAGE_VERSION "VERSION"
| #define PACKAGE_STRING "FULL-PACKAGE-NAME VERSION"
| #define PACKAGE_BUGREPORT "BUG-REPORT-ADDRESS"
| #define PACKAGE_URL ""
| #define STDC_HEADERS 1
| #define HAVE_SYS_TYPES_H 1
| #define HAVE_SYS_STAT_H 1
| #define HAVE_STDLIB_H 1
| #define HAVE_STRING_H 1
| #define HAVE_MEMORY_H 1
| #define HAVE_STRINGS_H 1
| #define HAVE_INTTYPES_H 1
| #define HAVE_STDINT_H 1
| #define HAVE_UNISTD_H 1
| #define HAVE_DLFCN_H 1
| #define LT_OBJDIR ".libs/"
| #define PACKAGE "full-package-name"
| #define VERSION "VERSION"
| #define HAVE_LIBCURSES 1
| #define HAVE_LIBM 1
| #define HAVE_LIBZ 1
| #define HAVE_LIBBOOST_PROGRAM_OPTIONS 1
| #define HAVE_LIBBOOST_SERIALIZATION 1
| #define HAVE_ARPA_INET_H 1
| #define HAVE_FCNTL_H 1
| #define HAVE_INTTYPES_H 1
| #define HAVE_NETDB_H 1
| #define HAVE_STDDEF_H 1
| #define HAVE_STDINT_H 1
| #define HAVE_STDLIB_H 1
| #define HAVE_STRING_H 1
| #define HAVE_SYS_SOCKET_H 1
| #define HAVE_UNISTD_H 1
| #define HAVE_WCHAR_H 1
| #define HAVE__BOOL 1
| #define HAVE_STDBOOL_H 1
| /* end confdefs.h.  */
| #include <stdio.h>
| #ifdef HAVE_SYS_TYPES_H
| # include <sys/types.h>
| #endif
| #ifdef HAVE_SYS_STAT_H
| # include <sys/stat.h>
| #endif
| #ifdef STDC_HEADERS
| # include <stdlib.h>
| # include <stddef.h>
| #else
| # ifdef HAVE_STDLIB_H
| #  include <stdlib.h>
| # endif
| #endif
| #ifdef HAVE_STRING_H
| # if !defined STDC_HEADERS && defined HAVE_MEMORY_H
| #  include <memory.h>
| # endif
| # include <string.h>
| #endif
| #ifdef HAVE_STRINGS_H
| # include <strings.h>
| #endif
| #ifdef HAVE_INTTYPES_H
| # include <inttypes.h>
| #endif
| #ifdef HAVE_STDINT_H
| # include <stdint.h>
| #endif
| #ifdef HAVE_UNISTD_H
| # include <unistd.h>
| #endif
| 	        enum { N = 8 / 2 - 1 };
| int
| main ()
| {
| static int test_array [1 - 2 * !((int8_t) (((((int8_t) 1 << N) << N) - 1) * 2 + 1)
| 		 < (int8_t) (((((int8_t) 1 << N) << N) - 1) * 2 + 2))];
| test_array [0] = 0
| 
|   ;
|   return 0;
| }
configure:15073: result: yes
configure:15084: checking for off_t
configure:15084: gcc -c -g -O2  conftest.c >&5
configure:15084: $? = 0
configure:15084: gcc -c -g -O2  conftest.c >&5
conftest.c: In function 'main':
conftest.c:77: error: expected expression before ')' token
configure:15084: $? = 1
configure: failed program was:
| /* confdefs.h */
| #define PACKAGE_NAME "FULL-PACKAGE-NAME"
| #define PACKAGE_TARNAME "full-package-name"
| #define PACKAGE_VERSION "VERSION"
| #define PACKAGE_STRING "FULL-PACKAGE-NAME VERSION"
| #define PACKAGE_BUGREPORT "BUG-REPORT-ADDRESS"
| #define PACKAGE_URL ""
| #define STDC_HEADERS 1
| #define HAVE_SYS_TYPES_H 1
| #define HAVE_SYS_STAT_H 1
| #define HAVE_STDLIB_H 1
| #define HAVE_STRING_H 1
| #define HAVE_MEMORY_H 1
| #define HAVE_STRINGS_H 1
| #define HAVE_INTTYPES_H 1
| #define HAVE_STDINT_H 1
| #define HAVE_UNISTD_H 1
| #define HAVE_DLFCN_H 1
| #define LT_OBJDIR ".libs/"
| #define PACKAGE "full-package-name"
| #define VERSION "VERSION"
| #define HAVE_LIBCURSES 1
| #define HAVE_LIBM 1
| #define HAVE_LIBZ 1
| #define HAVE_LIBBOOST_PROGRAM_OPTIONS 1
| #define HAVE_LIBBOOST_SERIALIZATION 1
| #define HAVE_ARPA_INET_H 1
| #define HAVE_FCNTL_H 1
| #define HAVE_INTTYPES_H 1
| #define HAVE_NETDB_H 1
| #define HAVE_STDDEF_H 1
| #define HAVE_STDINT_H 1
| #define HAVE_STDLIB_H 1
| #define HAVE_STRING_H 1
| #define HAVE_SYS_SOCKET_H 1
| #define HAVE_UNISTD_H 1
| #define HAVE_WCHAR_H 1
| #define HAVE__BOOL 1
| #define HAVE_STDBOOL_H 1
| /* end confdefs.h.  */
| #include <stdio.h>
| #ifdef HAVE_SYS_TYPES_H
| # include <sys/types.h>
| #endif
| #ifdef HAVE_SYS_STAT_H
| # include <sys/stat.h>
| #endif
| #ifdef STDC_HEADERS
| # include <stdlib.h>
| # include <stddef.h>
| #else
| # ifdef HAVE_STDLIB_H
| #  include <stdlib.h>
| # endif
| #endif
| #ifdef HAVE_STRING_H
| # if !defined STDC_HEADERS && defined HAVE_MEMORY_H
| #  include <memory.h>
| # endif
| # include <string.h>
| #endif
| #ifdef HAVE_STRINGS_H
| # include <strings.h>
| #endif
| #ifdef HAVE_INTTYPES_H
| # include <inttypes.h>
| #endif
| #ifdef HAVE_STDINT_H
| # include <stdint.h>
| #endif
| #ifdef HAVE_UNISTD_H
| # include <unistd.h>
| #endif
| int
| main ()
| {
| if (sizeof ((off_t)))
| 	    return 0;
|   ;
|   return 0;
| }
configure:15084: result: yes
configure:15095: checking for size_t
configure:15095: gcc -c -g -O2  conftest.c >&5
configure:15095: $? = 0
configure:15095: gcc -c -g -O2  conftest.c >&5
conftest.c: In function 'main':
conftest.c:77: error: expected expression before ')' token
configure:15095: $? = 1
configure: failed program was:
| /* confdefs.h */
| #define PACKAGE_NAME "FULL-PACKAGE-NAME"
| #define PACKAGE_TARNAME "full-package-name"
| #define PACKAGE_VERSION "VERSION"
| #define PACKAGE_STRING "FULL-PACKAGE-NAME VERSION"
| #define PACKAGE_BUGREPORT "BUG-REPORT-ADDRESS"
| #define PACKAGE_URL ""
| #define STDC_HEADERS 1
| #define HAVE_SYS_TYPES_H 1
| #define HAVE_SYS_STAT_H 1
| #define HAVE_STDLIB_H 1
| #define HAVE_STRING_H 1
| #define HAVE_MEMORY_H 1
| #define HAVE_STRINGS_H 1
| #define HAVE_INTTYPES_H 1
| #define HAVE_STDINT_H 1
| #define HAVE_UNISTD_H 1
| #define HAVE_DLFCN_H 1
| #define LT_OBJDIR ".libs/"
| #define PACKAGE "full-package-name"
| #define VERSION "VERSION"
| #define HAVE_LIBCURSES 1
| #define HAVE_LIBM 1
| #define HAVE_LIBZ 1
| #define HAVE_LIBBOOST_PROGRAM_OPTIONS 1
| #define HAVE_LIBBOOST_SERIALIZATION 1
| #define HAVE_ARPA_INET_H 1
| #define HAVE_FCNTL_H 1
| #define HAVE_INTTYPES_H 1
| #define HAVE_NETDB_H 1
| #define HAVE_STDDEF_H 1
| #define HAVE_STDINT_H 1
| #define HAVE_STDLIB_H 1
| #define HAVE_STRING_H 1
| #define HAVE_SYS_SOCKET_H 1
| #define HAVE_UNISTD_H 1
| #define HAVE_WCHAR_H 1
| #define HAVE__BOOL 1
| #define HAVE_STDBOOL_H 1
| /* end confdefs.h.  */
| #include <stdio.h>
| #ifdef HAVE_SYS_TYPES_H
| # include <sys/types.h>
| #endif
| #ifdef HAVE_SYS_STAT_H
| # include <sys/stat.h>
| #endif
| #ifdef STDC_HEADERS
| # include <stdlib.h>
| # include <stddef.h>
| #else
| # ifdef HAVE_STDLIB_H
| #  include <stdlib.h>
| # endif
| #endif
| #ifdef HAVE_STRING_H
| # if !defined STDC_HEADERS && defined HAVE_MEMORY_H
| #  include <memory.h>
| # endif
| # include <string.h>
| #endif
| #ifdef HAVE_STRINGS_H
| # include <strings.h>
| #endif
| #ifdef HAVE_INTTYPES_H
| # include <inttypes.h>
| #endif
| #ifdef HAVE_STDINT_H
| # include <stdint.h>
| #endif
| #ifdef HAVE_UNISTD_H
| # include <unistd.h>
| #endif
| int
| main ()
| {
| if (sizeof ((size_t)))
| 	    return 0;
|   ;
|   return 0;
| }
configure:15095: result: yes
configure:15106: checking for uint16_t
configure:15106: gcc -c -g -O2  conftest.c >&5
configure:15106: $? = 0
configure:15106: result: yes
configure:15118: checking for uint32_t
configure:15118: gcc -c -g -O2  conftest.c >&5
configure:15118: $? = 0
configure:15118: result: yes
configure:15132: checking for uint64_t
configure:15132: gcc -c -g -O2  conftest.c >&5
configure:15132: $? = 0
configure:15132: result: yes
configure:15146: checking for uint8_t
configure:15146: gcc -c -g -O2  conftest.c >&5
configure:15146: $? = 0
configure:15146: result: yes
configure:15162: checking for _LARGEFILE_SOURCE value needed for large files
configure:15181: gcc -o conftest -g -O2   conftest.c -lboost_serialization -lboost_program_options -lz -lm -lcurses  >&5
configure:15181: $? = 0
configure:15209: result: no
configure:15232: checking for stdlib.h
configure:15232: result: yes
configure:15242: checking for GNU libc compatible malloc
configure:15266: gcc -o conftest -g -O2   conftest.c -lboost_serialization -lboost_program_options -lz -lm -lcurses  >&5
configure:15266: $? = 0
configure:15266: ./conftest
configure:15266: $? = 0
configure:15276: result: yes
configure:15299: checking for stdlib.h
configure:15299: result: yes
configure:15309: checking for GNU libc compatible realloc
configure:15333: gcc -o conftest -g -O2   conftest.c -lboost_serialization -lboost_program_options -lz -lm -lcurses  >&5
configure:15333: $? = 0
configure:15333: ./conftest
configure:15333: $? = 0
configure:15343: result: yes
configure:15367: checking for bzero
configure:15367: gcc -o conftest -g -O2   conftest.c -lboost_serialization -lboost_program_options -lz -lm -lcurses  >&5
conftest.c:69: warning: conflicting types for built-in function 'bzero'
configure:15367: $? = 0
configure:15367: result: yes
configure:15367: checking for gethostbyaddr
configure:15367: gcc -o conftest -g -O2   conftest.c -lboost_serialization -lboost_program_options -lz -lm -lcurses  >&5
configure:15367: $? = 0
configure:15367: result: yes
configure:15367: checking for gethostbyname
configure:15367: gcc -o conftest -g -O2   conftest.c -lboost_serialization -lboost_program_options -lz -lm -lcurses  >&5
configure:15367: $? = 0
configure:15367: result: yes
configure:15367: checking for memmove
configure:15367: gcc -o conftest -g -O2   conftest.c -lboost_serialization -lboost_program_options -lz -lm -lcurses  >&5
conftest.c:72: warning: conflicting types for built-in function 'memmove'
configure:15367: $? = 0
configure:15367: result: yes
configure:15367: checking for memset
configure:15367: gcc -o conftest -g -O2   conftest.c -lboost_serialization -lboost_program_options -lz -lm -lcurses  >&5
conftest.c:73: warning: conflicting types for built-in function 'memset'
configure:15367: $? = 0
configure:15367: result: yes
configure:15367: checking for pow
configure:15367: gcc -o conftest -g -O2   conftest.c -lboost_serialization -lboost_program_options -lz -lm -lcurses  >&5
conftest.c:74: warning: conflicting types for built-in function 'pow'
configure:15367: $? = 0
configure:15367: result: yes
configure:15367: checking for select
configure:15367: gcc -o conftest -g -O2   conftest.c -lboost_serialization -lboost_program_options -lz -lm -lcurses  >&5
configure:15367: $? = 0
configure:15367: result: yes
configure:15367: checking for socket
configure:15367: gcc -o conftest -g -O2   conftest.c -lboost_serialization -lboost_program_options -lz -lm -lcurses  >&5
configure:15367: $? = 0
configure:15367: result: yes
configure:15367: checking for sqrt
configure:15367: gcc -o conftest -g -O2   conftest.c -lboost_serialization -lboost_program_options -lz -lm -lcurses  >&5
conftest.c:77: warning: conflicting types for built-in function 'sqrt'
configure:15367: $? = 0
configure:15367: result: yes
configure:15367: checking for strchr
configure:15367: gcc -o conftest -g -O2   conftest.c -lboost_serialization -lboost_program_options -lz -lm -lcurses  >&5
conftest.c:78: warning: conflicting types for built-in function 'strchr'
configure:15367: $? = 0
configure:15367: result: yes
configure:15367: checking for strdup
configure:15367: gcc -o conftest -g -O2   conftest.c -lboost_serialization -lboost_program_options -lz -lm -lcurses  >&5
conftest.c:79: warning: conflicting types for built-in function 'strdup'
configure:15367: $? = 0
configure:15367: result: yes
configure:15367: checking for strerror
configure:15367: gcc -o conftest -g -O2   conftest.c -lboost_serialization -lboost_program_options -lz -lm -lcurses  >&5
configure:15367: $? = 0
configure:15367: result: yes
configure:15367: checking for strstr
configure:15367: gcc -o conftest -g -O2   conftest.c -lboost_serialization -lboost_program_options -lz -lm -lcurses  >&5
conftest.c:81: warning: conflicting types for built-in function 'strstr'
configure:15367: $? = 0
configure:15367: result: yes
configure:15367: checking for strtol
configure:15367: gcc -o conftest -g -O2   conftest.c -lboost_serialization -lboost_program_options -lz -lm -lcurses  >&5
configure:15367: $? = 0
configure:15367: result: yes
configure:15508: creating ./config.status

## ---------------- ##
## Cache variables. ##
## ---------------- ##

ac_cv_build=x86_64-apple-darwin10.4.0
ac_cv_c_compiler_gnu=yes
ac_cv_c_inline=inline
ac_cv_c_int16_t=yes
ac_cv_c_int32_t=yes
ac_cv_c_int64_t=yes
ac_cv_c_int8_t=yes
ac_cv_c_uint16_t=yes
ac_cv_c_uint32_t=yes
ac_cv_c_uint64_t=yes
ac_cv_c_uint8_t=yes
ac_cv_cxx_compiler_gnu=yes
ac_cv_env_CCC_set=
ac_cv_env_CCC_value=
ac_cv_env_CC_set=
ac_cv_env_CC_value=
ac_cv_env_CFLAGS_set=
ac_cv_env_CFLAGS_value=
ac_cv_env_CPPFLAGS_set=
ac_cv_env_CPPFLAGS_value=
ac_cv_env_CPP_set=
ac_cv_env_CPP_value=
ac_cv_env_CXXCPP_set=
ac_cv_env_CXXCPP_value=
ac_cv_env_CXXFLAGS_set=
ac_cv_env_CXXFLAGS_value=
ac_cv_env_CXX_set=
ac_cv_env_CXX_value=
ac_cv_env_LDFLAGS_set=
ac_cv_env_LDFLAGS_value=
ac_cv_env_LIBS_set=
ac_cv_env_LIBS_value=
ac_cv_env_build_alias_set=
ac_cv_env_build_alias_value=
ac_cv_env_host_alias_set=
ac_cv_env_host_alias_value=
ac_cv_env_target_alias_set=
ac_cv_env_target_alias_value=
ac_cv_func_bzero=yes
ac_cv_func_gethostbyaddr=yes
ac_cv_func_gethostbyname=yes
ac_cv_func_malloc_0_nonnull=yes
ac_cv_func_memmove=yes
ac_cv_func_memset=yes
ac_cv_func_pow=yes
ac_cv_func_realloc_0_nonnull=yes
ac_cv_func_select=yes
ac_cv_func_socket=yes
ac_cv_func_sqrt=yes
ac_cv_func_strchr=yes
ac_cv_func_strdup=yes
ac_cv_func_strerror=yes
ac_cv_func_strstr=yes
ac_cv_func_strtol=yes
ac_cv_header_arpa_inet_h=yes
ac_cv_header_dlfcn_h=yes
ac_cv_header_fcntl_h=yes
ac_cv_header_inttypes_h=yes
ac_cv_header_memory_h=yes
ac_cv_header_netdb_h=yes
ac_cv_header_stdbool_h=yes
ac_cv_header_stdc=yes
ac_cv_header_stddef_h=yes
ac_cv_header_stdint_h=yes
ac_cv_header_stdlib_h=yes
ac_cv_header_string_h=yes
ac_cv_header_strings_h=yes
ac_cv_header_sys_socket_h=yes
ac_cv_header_sys_stat_h=yes
ac_cv_header_sys_types_h=yes
ac_cv_header_unistd_h=yes
ac_cv_header_wchar_h=yes
ac_cv_host=x86_64-apple-darwin10.4.0
ac_cv_lib_boost_program_options_main=yes
ac_cv_lib_boost_serialization_main=yes
ac_cv_lib_curses_main=yes
ac_cv_lib_m_main=yes
ac_cv_lib_z_main=yes
ac_cv_objext=o
ac_cv_path_EGREP='/usr/bin/grep -E'
ac_cv_path_FGREP='/usr/bin/grep -F'
ac_cv_path_GREP=/usr/bin/grep
ac_cv_path_SED=/usr/bin/sed
ac_cv_path_install='/usr/bin/install -c'
ac_cv_prog_AWK=awk
ac_cv_prog_CPP='gcc -E'
ac_cv_prog_CXXCPP='g++ -E'
ac_cv_prog_ac_ct_AR=ar
ac_cv_prog_ac_ct_CC=gcc
ac_cv_prog_ac_ct_CXX=g++
ac_cv_prog_ac_ct_DSYMUTIL=dsymutil
ac_cv_prog_ac_ct_LIPO=lipo
ac_cv_prog_ac_ct_NMEDIT=nmedit
ac_cv_prog_ac_ct_OTOOL=otool
ac_cv_prog_ac_ct_RANLIB=ranlib
ac_cv_prog_ac_ct_STRIP=strip
ac_cv_prog_cc_c89=
ac_cv_prog_cc_g=yes
ac_cv_prog_cc_gcc_c_o=yes
ac_cv_prog_cxx_g=yes
ac_cv_prog_make_make_set=yes
ac_cv_sys_largefile_source=no
ac_cv_type__Bool=yes
ac_cv_type_off_t=yes
ac_cv_type_size_t=yes
am_cv_CC_dependencies_compiler_type=gcc3
am_cv_CXX_dependencies_compiler_type=gcc3
lt_cv_apple_cc_single_mod=yes
lt_cv_deplibs_check_method=pass_all
lt_cv_file_magic_cmd='$MAGIC_CMD'
lt_cv_file_magic_test_file=
lt_cv_ld_exported_symbols_list=yes
lt_cv_ld_reload_flag=-r
lt_cv_nm_interface='BSD nm'
lt_cv_objdir=.libs
lt_cv_path_LD=/usr/libexec/gcc/i686-apple-darwin10/4.2.1/ld
lt_cv_path_LDCXX=/usr/libexec/gcc/i686-apple-darwin10/4.2.1/ld
lt_cv_path_NM=/usr/bin/nm
lt_cv_prog_compiler_c_o=yes
lt_cv_prog_compiler_c_o_CXX=yes
lt_cv_prog_compiler_pic_works=yes
lt_cv_prog_compiler_pic_works_CXX=yes
lt_cv_prog_compiler_rtti_exceptions=no
lt_cv_prog_compiler_static_works=no
lt_cv_prog_compiler_static_works_CXX=no
lt_cv_prog_gnu_ld=no
lt_cv_prog_gnu_ldcxx=no
lt_cv_sys_global_symbol_pipe='sed -n -e '\''s/^.*[	 ]\([BCDEGRST][BCDEGRST]*\)[	 ][	 ]*_\([_A-Za-z][_A-Za-z0-9]*\)$/\1 _\2 \2/p'\'''
lt_cv_sys_global_symbol_to_c_name_address='sed -n -e '\''s/^: \([^ ]*\) $/  {\"\1\", (void *) 0},/p'\'' -e '\''s/^[BCDEGRST]* \([^ ]*\) \([^ ]*\)$/  {"\2", (void *) \&\2},/p'\'''
lt_cv_sys_global_symbol_to_c_name_address_lib_prefix='sed -n -e '\''s/^: \([^ ]*\) $/  {\"\1\", (void *) 0},/p'\'' -e '\''s/^[BCDEGRST]* \([^ ]*\) \(lib[^ ]*\)$/  {"\2", (void *) \&\2},/p'\'' -e '\''s/^[BCDEGRST]* \([^ ]*\) \([^ ]*\)$/  {"lib\2", (void *) \&\2},/p'\'''
lt_cv_sys_global_symbol_to_cdecl='sed -n -e '\''s/^T .* \(.*\)$/extern int \1();/p'\'' -e '\''s/^[BCDEGRST]* .* \(.*\)$/extern char \1;/p'\'''
lt_cv_sys_max_cmd_len=196608

## ----------------- ##
## Output variables. ##
## ----------------- ##

ACLOCAL='${SHELL} /Users/jbarrick/scripts/breseq/aux_build/missing --run aclocal-1.11'
AMDEPBACKSLASH='\'
AMDEP_FALSE='#'
AMDEP_TRUE=''
AMTAR='${SHELL} /Users/jbarrick/scripts/breseq/aux_build/missing --run tar'
AR='ar'
AUTOCONF='${SHELL} /Users/jbarrick/scripts/breseq/aux_build/missing --run autoconf'
AUTOHEADER='${SHELL} /Users/jbarrick/scripts/breseq/aux_build/missing --run autoheader'
AUTOMAKE='${SHELL} /Users/jbarrick/scripts/breseq/aux_build/missing --run automake-1.11'
AWK='awk'
CC='gcc'
CCDEPMODE='depmode=gcc3'
CFLAGS='-g -O2'
CPP='gcc -E'
CPPFLAGS=''
CXX='g++'
CXXCPP='g++ -E'
CXXDEPMODE='depmode=gcc3'
CXXFLAGS='-g -O2'
CYGPATH_W='echo'
DEFS='-DHAVE_CONFIG_H'
DEPDIR='.deps'
DSYMUTIL='dsymutil'
DUMPBIN=''
ECHO_C='\c'
ECHO_N=''
ECHO_T=''
EGREP='/usr/bin/grep -E'
EXEEXT=''
FGREP='/usr/bin/grep -F'
GREP='/usr/bin/grep'
INSTALL_DATA='${INSTALL} -m 644'
INSTALL_PROGRAM='${INSTALL}'
INSTALL_SCRIPT='${INSTALL}'
INSTALL_STRIP_PROGRAM='$(install_sh) -c -s'
LD='/usr/libexec/gcc/i686-apple-darwin10/4.2.1/ld'
LDFLAGS=''
LIBOBJS=''
LIBS='-lboost_serialization -lboost_program_options -lz -lm -lcurses '
LIBTOOL='$(SHELL) $(top_builddir)/libtool'
LIPO='lipo'
LN_S='ln -s'
LTLIBOBJS=''
MAKEINFO='${SHELL} /Users/jbarrick/scripts/breseq/aux_build/missing --run makeinfo'
MKDIR_P='aux_build/install-sh -c -d'
NM='/usr/bin/nm'
NMEDIT='nmedit'
OBJDUMP='false'
OBJEXT='o'
OTOOL64=':'
OTOOL='otool'
PACKAGE='full-package-name'
PACKAGE_BUGREPORT='BUG-REPORT-ADDRESS'
PACKAGE_NAME='FULL-PACKAGE-NAME'
PACKAGE_STRING='FULL-PACKAGE-NAME VERSION'
PACKAGE_TARNAME='full-package-name'
PACKAGE_URL=''
PACKAGE_VERSION='VERSION'
PATH_SEPARATOR=':'
RANLIB='ranlib'
SED='/usr/bin/sed'
SET_MAKE=''
SHELL='/bin/sh'
STRIP='strip'
VERSION='VERSION'
ac_ct_CC='gcc'
ac_ct_CXX='g++'
ac_ct_DUMPBIN=''
am__EXEEXT_FALSE=''
am__EXEEXT_TRUE='#'
am__fastdepCC_FALSE='#'
am__fastdepCC_TRUE=''
am__fastdepCXX_FALSE='#'
am__fastdepCXX_TRUE=''
am__include='include'
am__isrc=''
am__leading_dot='.'
am__quote=''
am__tar='${AMTAR} chof - "$$tardir"'
am__untar='${AMTAR} xf -'
bindir='${exec_prefix}/bin'
build='x86_64-apple-darwin10.4.0'
build_alias=''
build_cpu='x86_64'
build_os='darwin10.4.0'
build_vendor='apple'
datadir='${datarootdir}'
datarootdir='${prefix}/share'
docdir='${datarootdir}/doc/${PACKAGE_TARNAME}'
dvidir='${docdir}'
exec_prefix='${prefix}'
host='x86_64-apple-darwin10.4.0'
host_alias=''
host_cpu='x86_64'
host_os='darwin10.4.0'
host_vendor='apple'
htmldir='${docdir}'
includedir='${prefix}/include'
infodir='${datarootdir}/info'
install_sh='${SHELL} /Users/jbarrick/scripts/breseq/aux_build/install-sh'
libdir='${exec_prefix}/lib'
libexecdir='${exec_prefix}/libexec'
localedir='${datarootdir}/locale'
localstatedir='${prefix}/var'
lt_ECHO='/bin/echo'
mandir='${datarootdir}/man'
mkdir_p='$(top_builddir)/aux_build/install-sh -c -d'
oldincludedir='/usr/include'
pdfdir='${docdir}'
prefix='/Users/jbarrick/scripts/breseq/stage'
program_transform_name='s,x,x,'
psdir='${docdir}'
sbindir='${exec_prefix}/sbin'
sharedstatedir='${prefix}/com'
sysconfdir='${prefix}/etc'
target_alias=''

## ----------- ##
## confdefs.h. ##
## ----------- ##

/* confdefs.h */
#define PACKAGE_NAME "FULL-PACKAGE-NAME"
#define PACKAGE_TARNAME "full-package-name"
#define PACKAGE_VERSION "VERSION"
#define PACKAGE_STRING "FULL-PACKAGE-NAME VERSION"
#define PACKAGE_BUGREPORT "BUG-REPORT-ADDRESS"
#define PACKAGE_URL ""
#define STDC_HEADERS 1
#define HAVE_SYS_TYPES_H 1
#define HAVE_SYS_STAT_H 1
#define HAVE_STDLIB_H 1
#define HAVE_STRING_H 1
#define HAVE_MEMORY_H 1
#define HAVE_STRINGS_H 1
#define HAVE_INTTYPES_H 1
#define HAVE_STDINT_H 1
#define HAVE_UNISTD_H 1
#define HAVE_DLFCN_H 1
#define LT_OBJDIR ".libs/"
#define PACKAGE "full-package-name"
#define VERSION "VERSION"
#define HAVE_LIBCURSES 1
#define HAVE_LIBM 1
#define HAVE_LIBZ 1
#define HAVE_LIBBOOST_PROGRAM_OPTIONS 1
#define HAVE_LIBBOOST_SERIALIZATION 1
#define HAVE_ARPA_INET_H 1
#define HAVE_FCNTL_H 1
#define HAVE_INTTYPES_H 1
#define HAVE_NETDB_H 1
#define HAVE_STDDEF_H 1
#define HAVE_STDINT_H 1
#define HAVE_STDLIB_H 1
#define HAVE_STRING_H 1
#define HAVE_SYS_SOCKET_H 1
#define HAVE_UNISTD_H 1
#define HAVE_WCHAR_H 1
#define HAVE__BOOL 1
#define HAVE_STDBOOL_H 1
#define HAVE_FSEEKO 1
#define HAVE_STDLIB_H 1
#define HAVE_MALLOC 1
#define HAVE_STDLIB_H 1
#define HAVE_REALLOC 1
#define HAVE_BZERO 1
#define HAVE_GETHOSTBYADDR 1
#define HAVE_GETHOSTBYNAME 1
#define HAVE_MEMMOVE 1
#define HAVE_MEMSET 1
#define HAVE_POW 1
#define HAVE_SELECT 1
#define HAVE_SOCKET 1
#define HAVE_SQRT 1
#define HAVE_STRCHR 1
#define HAVE_STRDUP 1
#define HAVE_STRERROR 1
#define HAVE_STRSTR 1
#define HAVE_STRTOL 1

configure: exit 0

## ---------------------- ##
## Running config.status. ##
## ---------------------- ##

This file was extended by FULL-PACKAGE-NAME config.status VERSION, which was
generated by GNU Autoconf 2.65.  Invocation command line was

  CONFIG_FILES    = 
  CONFIG_HEADERS  = 
  CONFIG_LINKS    = 
  CONFIG_COMMANDS = 
  $ ./config.status 

on Ishmael.local

config.status:1160: creating extern/samtools-0.1.7a/Makefile
config.status:1160: creating src/new-c/Makefile
config.status:1160: creating Makefile
config.status:1160: creating aux_build/config.h
config.status:1332: aux_build/config.h is unchanged
config.status:1380: executing libtool commands
config.status:1380: executing depfiles commands
